#
# There is insufficient memory for the Java Runtime Environment to continue.
# Native memory allocation (mmap) failed to map 266338304 bytes for G1 virtual space
# Possible reasons:
#   The system is out of physical RAM or swap space
#   The process is running with CompressedOops enabled, and the Java Heap may be blocking the growth of the native heap
# Possible solutions:
#   Reduce memory load on the system
#   Increase physical memory or swap space
#   Check if swap backing store is full
#   Decrease Java heap size (-Xmx/-Xms)
#   Decrease number of Java threads
#   Decrease Java thread stack sizes (-Xss)
#   Set larger code cache with -XX:ReservedCodeCacheSize=
#   JVM is running with Zero Based Compressed Oops mode in which the Java heap is
#     placed in the first 32GB address space. The Java Heap base address is the
#     maximum limit for the native heap growth. Please use -XX:HeapBaseMinAddress
#     to set the Java Heap base and to place the Java Heap above 32GB virtual address.
# This output file may be truncated or incomplete.
#
#  Out of Memory Error (os_windows.cpp:3527), pid=21256, tid=8132
#
# JRE version:  (19.0.1+10) (build )
# Java VM: Java HotSpot(TM) 64-Bit Server VM (19.0.1+10-21, mixed mode, sharing, tiered, compressed oops, compressed class ptrs, g1 gc, windows-amd64)
# No core dump will be written. Minidumps are not enabled by default on client versions of Windows
#

---------------  S U M M A R Y ------------

Command Line: -Dfile.encoding=UTF-8 -Dstdout.encoding=UTF-8 -Dstderr.encoding=UTF-8 -XX:+ShowCodeDetailsInExceptionMessages CarAccessoriesCompany_Main.Main

Host: Intel(R) Core(TM) i7-7700HQ CPU @ 2.80GHz, 8 cores, 15G,  Windows 10 , 64 bit Build 19041 (10.0.19041.3570)
Time: Tue Oct 31 12:28:34 2023 West Bank Gaza Standard Time elapsed time: 0.065313 seconds (0d 0h 0m 0s)

---------------  T H R E A D  ---------------

Current thread (0x000002167199bf80):  JavaThread "Unknown thread" [_thread_in_vm, id=8132, stack(0x000000eafd400000,0x000000eafd500000)]

Stack: [0x000000eafd400000,0x000000eafd500000]
Native frames: (J=compiled Java code, j=interpreted, Vv=VM code, C=native code)
V  [jvm.dll+0x6ee8fa]
V  [jvm.dll+0x857a1e]
V  [jvm.dll+0x85940e]
V  [jvm.dll+0x859ac3]
V  [jvm.dll+0x28291f]
V  [jvm.dll+0x6eb6e9]
V  [jvm.dll+0x6e028a]
V  [jvm.dll+0x357136]
V  [jvm.dll+0x35eb96]
V  [jvm.dll+0x3b555e]
V  [jvm.dll+0x3b578f]
V  [jvm.dll+0x32c6ea]
V  [jvm.dll+0x32d59e]
V  [jvm.dll+0x821b20]
V  [jvm.dll+0x3c27c1]
V  [jvm.dll+0x8022f1]
V  [jvm.dll+0x44b30f]
V  [jvm.dll+0x44cc91]
C  [jli.dll+0x5287]
C  [ucrtbase.dll+0x21bb2]
C  [KERNEL32.DLL+0x17344]
C  [ntdll.dll+0x526b1]


---------------  P R O C E S S  ---------------

Threads class SMR info:
_java_thread_list=0x00007ffdfbcad048, length=0, elements={
}

Java Threads: ( => current thread )

Other Threads:
  0x0000021671a0e090 WorkerThread "GC Thread#0" [stack: 0x000000eafd500000,0x000000eafd600000] [id=20764]
  0x0000021671a1edf0 ConcurrentGCThread "G1 Main Marker" [stack: 0x000000eafd600000,0x000000eafd700000] [id=11456]
  0x0000021671a20830 WorkerThread "G1 Conc#0" [stack: 0x000000eafd700000,0x000000eafd800000] [id=15764]

[error occurred during error reporting (printing all threads), id 0xc0000005, EXCEPTION_ACCESS_VIOLATION (0xc0000005) at pc=0x00007ffdfb46d127]

VM state: not at safepoint (not fully initialized)

VM Mutex/Monitor currently owned by a thread:  ([mutex/lock_event])
[0x000002167196c400] Heap_lock - owner thread: 0x000002167199bf80

Heap address: 0x0000000702000000, size: 4064 MB, Compressed Oops mode: Zero based, Oop shift amount: 3

CDS archive(s) mapped at: [0x0000000000000000-0x0000000000000000-0x0000000000000000), size 0, SharedBaseAddress: 0x0000000800000000, ArchiveRelocationMode: 0.
Narrow klass base: 0x0000000000000000, Narrow klass shift: 0, Narrow klass range: 0x0

GC Precious Log:
 CardTable entry size: 512
 Card Set container configuration: InlinePtr #cards 4 size 8 Array Of Cards #cards 16 size 48 Howl #buckets 8 coarsen threshold 3686 Howl Bitmap #cards 512 size 80 coarsen threshold 460 Card regions per heap region 1 cards per card region 4096

Heap:
 garbage-first heap   total 0K, used 0K [0x0000000702000000, 0x0000000800000000)
  region size 2048K, 0 young (0K), 0 survivors (0K)

[error occurred during error reporting (printing heap information), id 0xc0000005, EXCEPTION_ACCESS_VIOLATION (0xc0000005) at pc=0x00007ffdfb876959]

GC Heap History (0 events):
No events

Dll operation events (1 events):
Event: 0.025 Loaded shared library C:\Users\Ahmad Dweikat\Downloads\Compressed\jdk-19_windows-x64_bin\jdk-19.0.1\bin\java.dll

Deoptimization events (0 events):
No events

Classes loaded (0 events):
No events

Classes unloaded (0 events):
No events

Classes redefined (0 events):
No events

Internal exceptions (0 events):
No events

VM Operations (0 events):
No events

Events (0 events):
No events


Dynamic libraries:
0x00007ff663750000 - 0x00007ff663760000 	C:\Users\Ahmad Dweikat\Downloads\Compressed\jdk-19_windows-x64_bin\jdk-19.0.1\bin\javaw.exe
0x00007ffe9b290000 - 0x00007ffe9b487000 	C:\WINDOWS\SYSTEM32\ntdll.dll
0x00007ffe99820000 - 0x00007ffe998dd000 	C:\WINDOWS\System32\KERNEL32.DLL
0x00007ffe98ff0000 - 0x00007ffe992e6000 	C:\WINDOWS\System32\KERNELBASE.dll
0x00007ffe98c90000 - 0x00007ffe98d90000 	C:\WINDOWS\System32\ucrtbase.dll
0x00007ffe94390000 - 0x00007ffe943a8000 	C:\Users\Ahmad Dweikat\Downloads\Compressed\jdk-19_windows-x64_bin\jdk-19.0.1\bin\jli.dll
0x00007ffe994d0000 - 0x00007ffe9957e000 	C:\WINDOWS\System32\ADVAPI32.dll
0x00007ffe99580000 - 0x00007ffe9961e000 	C:\WINDOWS\System32\msvcrt.dll
0x00007ffe9a440000 - 0x00007ffe9a4dc000 	C:\WINDOWS\System32\sechost.dll
0x00007ffe999c0000 - 0x00007ffe99ae6000 	C:\WINDOWS\System32\RPCRT4.dll
0x00007ffe99d30000 - 0x00007ffe99ece000 	C:\WINDOWS\System32\USER32.dll
0x00007ffe98c60000 - 0x00007ffe98c82000 	C:\WINDOWS\System32\win32u.dll
0x00007ffe99d00000 - 0x00007ffe99d2c000 	C:\WINDOWS\System32\GDI32.dll
0x00007ffe98e20000 - 0x00007ffe98f3a000 	C:\WINDOWS\System32\gdi32full.dll
0x00007ffe989f0000 - 0x00007ffe98a8d000 	C:\WINDOWS\System32\msvcp_win.dll
0x00007ffe943b0000 - 0x00007ffe943cb000 	C:\Users\Ahmad Dweikat\Downloads\Compressed\jdk-19_windows-x64_bin\jdk-19.0.1\bin\VCRUNTIME140.dll
0x00007ffe83280000 - 0x00007ffe8351a000 	C:\WINDOWS\WinSxS\amd64_microsoft.windows.common-controls_6595b64144ccf1df_6.0.19041.3570_none_60bb2a3971f3e41a\COMCTL32.dll
0x00007ffe92bf0000 - 0x00007ffe92bfa000 	C:\WINDOWS\SYSTEM32\VERSION.dll
0x00007ffe9a410000 - 0x00007ffe9a440000 	C:\WINDOWS\System32\IMM32.DLL
0x00007ffe94380000 - 0x00007ffe9438c000 	C:\Users\Ahmad Dweikat\Downloads\Compressed\jdk-19_windows-x64_bin\jdk-19.0.1\bin\vcruntime140_1.dll
0x00007ffe691f0000 - 0x00007ffe6927e000 	C:\Users\Ahmad Dweikat\Downloads\Compressed\jdk-19_windows-x64_bin\jdk-19.0.1\bin\msvcp140.dll
0x00007ffdfb130000 - 0x00007ffdfbdf0000 	C:\Users\Ahmad Dweikat\Downloads\Compressed\jdk-19_windows-x64_bin\jdk-19.0.1\bin\server\jvm.dll
0x00007ffe76b00000 - 0x00007ffe76b09000 	C:\WINDOWS\SYSTEM32\WSOCK32.dll
0x00007ffe99ed0000 - 0x00007ffe99f3b000 	C:\WINDOWS\System32\WS2_32.dll
0x00007ffe84660000 - 0x00007ffe84687000 	C:\WINDOWS\SYSTEM32\WINMM.dll
0x00007ffe96810000 - 0x00007ffe96822000 	C:\WINDOWS\SYSTEM32\kernel.appcore.dll
0x00007ffe6ec90000 - 0x00007ffe6ec9a000 	C:\Users\Ahmad Dweikat\Downloads\Compressed\jdk-19_windows-x64_bin\jdk-19.0.1\bin\jimage.dll
0x00007ffe83c70000 - 0x00007ffe83e54000 	C:\WINDOWS\SYSTEM32\DBGHELP.DLL
0x00007ffe7f3b0000 - 0x00007ffe7f3e4000 	C:\WINDOWS\SYSTEM32\dbgcore.DLL
0x00007ffe98d90000 - 0x00007ffe98e12000 	C:\WINDOWS\System32\bcryptPrimitives.dll
0x00007ffe6a470000 - 0x00007ffe6a496000 	C:\Users\Ahmad Dweikat\Downloads\Compressed\jdk-19_windows-x64_bin\jdk-19.0.1\bin\java.dll

dbghelp: loaded successfully - version: 4.0.5 - missing functions: none
symbol engine: initialized successfully - sym options: 0x614 - pdb path: .;C:\Users\Ahmad Dweikat\Downloads\Compressed\jdk-19_windows-x64_bin\jdk-19.0.1\bin;C:\WINDOWS\SYSTEM32;C:\WINDOWS\WinSxS\amd64_microsoft.windows.common-controls_6595b64144ccf1df_6.0.19041.3570_none_60bb2a3971f3e41a;C:\Users\Ahmad Dweikat\Downloads\Compressed\jdk-19_windows-x64_bin\jdk-19.0.1\bin\server

VM Arguments:
jvm_args: -Dfile.encoding=UTF-8 -Dstdout.encoding=UTF-8 -Dstderr.encoding=UTF-8 -XX:+ShowCodeDetailsInExceptionMessages 
java_command: CarAccessoriesCompany_Main.Main
java_class_path (initial): C:\Users\Ahmad Dweikat\eclipse-workspace\CarAccessoriesCompany\target\classes;C:\Users\Ahmad Dweikat\.m2\repository\org\apiguardian\apiguardian-api\1.1.2\apiguardian-api-1.1.2.jar;C:\Users\Ahmad Dweikat\.m2\repository\io\cucumber\cucumber-java\7.3.4\cucumber-java-7.3.4.jar;C:\Users\Ahmad Dweikat\.m2\repository\io\cucumber\cucumber-core\7.3.4\cucumber-core-7.3.4.jar;C:\Users\Ahmad Dweikat\.m2\repository\io\cucumber\cucumber-gherkin\7.3.4\cucumber-gherkin-7.3.4.jar;C:\Users\Ahmad Dweikat\.m2\repository\io\cucumber\cucumber-gherkin-messages\7.3.4\cucumber-gherkin-messages-7.3.4.jar;C:\Users\Ahmad Dweikat\.m2\repository\io\cucumber\gherkin\23.0.1\gherkin-23.0.1.jar;C:\Users\Ahmad Dweikat\.m2\repository\io\cucumber\messages\18.0.0\messages-18.0.0.jar;C:\Users\Ahmad Dweikat\.m2\repository\io\cucumber\tag-expressions\4.1.0\tag-expressions-4.1.0.jar;C:\Users\Ahmad Dweikat\.m2\repository\io\cucumber\cucumber-expressions\15.1.1\cucumber-expressions-15.1.1.jar;C:\Users\Ahmad Dweikat\.m2\repository\io\cucumber\datatable\7.3.4\datatable-7.3.4.jar;C:\Users\Ahmad Dweikat\.m2\repository\io\cucumber\cucumber-plugin\7.3.4\cucumber-plugin-7.3.4.jar;C:\Users\Ahmad Dweikat\.m2\repository\io\cucumber\docstring\7.3.4\docstring-7.3.4.jar;C:\Users\Ahmad Dweikat\.m2\repository\io\cucumber\html-formatter\19.1.0\html-formatter-19.1.0.jar;C:\Users\Ahmad Dweikat\.m2\repository\io\cucumber\ci-environment\9.0.4\ci-environment-9.0.4.jar
Launcher Type: SUN_STANDARD

[Global flags]
     intx CICompilerCount                          = 4                                         {product} {ergonomic}
     uint ConcGCThreads                            = 2                                         {product} {ergonomic}
     uint G1ConcRefinementThreads                  = 8                                         {product} {ergonomic}
   size_t G1HeapRegionSize                         = 2097152                                   {product} {ergonomic}
    uintx GCDrainStackTargetSize                   = 64                                        {product} {ergonomic}
   size_t InitialHeapSize                          = 266338304                                 {product} {ergonomic}
   size_t MarkStackSize                            = 4194304                                   {product} {ergonomic}
   size_t MaxHeapSize                              = 4261412864                                {product} {ergonomic}
   size_t MinHeapDeltaBytes                        = 2097152                                   {product} {ergonomic}
   size_t MinHeapSize                              = 8388608                                   {product} {ergonomic}
    uintx NonNMethodCodeHeapSize                   = 5839372                                {pd product} {ergonomic}
    uintx NonProfiledCodeHeapSize                  = 122909434                              {pd product} {ergonomic}
    uintx ProfiledCodeHeapSize                     = 122909434                              {pd product} {ergonomic}
    uintx ReservedCodeCacheSize                    = 251658240                              {pd product} {ergonomic}
     bool SegmentedCodeCache                       = true                                      {product} {ergonomic}
     bool ShowCodeDetailsInExceptionMessages       = true                                   {manageable} {command line}
   size_t SoftMaxHeapSize                          = 4261412864                             {manageable} {ergonomic}
     bool UseCompressedClassPointers               = true                           {product lp64_product} {ergonomic}
     bool UseCompressedOops                        = true                           {product lp64_product} {ergonomic}
     bool UseG1GC                                  = true                                      {product} {ergonomic}
     bool UseLargePagesIndividualAllocation        = false                                  {pd product} {ergonomic}

Logging:
Log output configuration:
 #0: stdout all=warning uptime,level,tags foldmultilines=false
 #1: stderr all=off uptime,level,tags foldmultilines=false

Environment Variables:
JAVA_HOME=C:\Users\Ahmad Dweikat\Downloads\Compressed\jdk-19_windows-x64_bin\jdk-19.0.1
PATH=C:/Users/Ahmad Dweikat/Downloads/Compressed/jdk-19_windows-x64_bin/jdk-19.0.1/bin/server;C:/Users/Ahmad Dweikat/Downloads/Compressed/jdk-19_windows-x64_bin/jdk-19.0.1/bin;C:\Program Files (x86)\Common Files\Oracle\Java\javapath;D:\WINDOWS.X64_213000_db_home\bin;C:\WINDOWS\system32;C:\WINDOWS;C:\WINDOWS\System32\Wbem;C:\WINDOWS\System32\WindowsPowerShell\v1.0\;C:\WINDOWS\System32\OpenSSH\;C:\Users\Ahmad Dweikat\Downloads\Compressed\jdk-19_windows-x64_bin\jdk-19.0.1\bin;C:\Users\Ahmad Dweikat\Downloads\Compressed\jdk-19_windows-x64_bin\jdk-19.0.1\bin;;C:\Program Files\NVIDIA Corporation\NVIDIA NvDLISR;C:\Program Files (x86)\NVIDIA Corporation\PhysX\Common;C:\Program Files\dotnet\;C:\Users\Ahmad Dweikat\AppData\Local\Microsoft\WindowsApps;;C:\Users\Ahmad Dweikat\AppData\Local\Programs\Microsoft VS Code\bin;C:\Users\Ahmad Dweikat\Desktop;
USERNAME=Ahmad Dweikat123
OS=Windows_NT
PROCESSOR_IDENTIFIER=Intel64 Family 6 Model 158 Stepping 9, GenuineIntel
TMP=C:\Users\AHMADD~1\AppData\Local\Temp
TEMP=C:\Users\AHMADD~1\AppData\Local\Temp



---------------  S Y S T E M  ---------------

OS:
 Windows 10 , 64 bit Build 19041 (10.0.19041.3570)
OS uptime: 0 days 2:12 hours

CPU: total 8 (initial active 8) (4 cores per cpu, 2 threads per core) family 6 model 158 stepping 9 microcode 0xb4, cx8, cmov, fxsr, ht, mmx, 3dnowpref, sse, sse2, sse3, ssse3, sse4.1, sse4.2, popcnt, lzcnt, tsc, tscinvbit, avx, avx2, aes, erms, clmul, bmi1, bmi2, adx, fma, vzeroupper, clflush, clflushopt, rdtscp

Memory: 4k page, system-wide physical 16252M (7836M free)
TotalPageFile size 31213M (AvailPageFile size 117M)
current process WorkingSet (physical memory assigned to process): 10M, peak: 10M
current process commit charge ("private bytes"): 60M, peak: 314M

vm_info: Java HotSpot(TM) 64-Bit Server VM (19.0.1+10-21) for windows-amd64 JRE (19.0.1+10-21), built on 2022-09-14T12:45:06Z by "mach5one" with MS VC++ 17.1 (VS2022)

END.
